Arguments: 
  C:\Program Files\nodejs\node.exe C:\Program Files (x86)\Yarn\bin\yarn.js add -D typescript ts-node

PATH: 
  C:\Program Files\Git\mingw64\bin;C:\Program Files\Git\usr\bin;C:\Users\Quick\bin;C:\WINDOWS\system32;C:\WINDOWS;C:\WINDOWS\System32\Wbem;C:\WINDOWS\System32\WindowsPowerShell\v1.0;C:\WINDOWS\System32\OpenSSH;C:\Program Files\Git\cmd;C:\OSPanel\modules\php\PHP-7.1-x64;C:\ProgramData\ComposerSetup\bin;C:\Program Files (x86)\Yarn\bin;C:\Users\Quick\.windows-build-tools\python27.exe;C:\Users\Quick\AppData\Roaming\nvm;C:\Program Files\nodejs;C:\Users\Quick\.windows-build-tools\python27;C:\Users\Quick\.windows-build-tools\python27;C:\Users\Quick\.windows-build-tools\python27;C:\Users\Quick\.windows-build-tools\python27;C:\Program Files\nodejs\node_modules\npm\node_modules\npm-lifecycle\node-gyp-bin;C:\Users\Quick\AppData\Roaming\npm\node_modules\windows-build-tools\node_modules\.bin;C:\Users\Quick\AppData\Roaming\npm\node_modules\.bin;C:\WINDOWS\system32;C:\WINDOWS;C:\WINDOWS\System32\Wbem;C:\WINDOWS\System32\WindowsPowerShell\v1.0;C:\WINDOWS\System32\OpenSSH;C:\Program Files\nodejs;C:\Program Files\Git\cmd;C:\OSPanel\modules\php\PHP-7.1-x64;C:\ProgramData\ComposerSetup\bin;C:\Program Files (x86)\Yarn\bin;C:\Users\Quick\AppData\Local\Microsoft\WindowsApps;C:\Users\Quick\AppData\Local\Programs\Microsoft VS Code\bin;C:\Users\Quick\AppData\Roaming\Composer\vendor\bin;C:\Users\Quick\AppData\Local\Yarn\bin;D:\Documents\WORK\UTIL\phantomjs-2.1.1-windows\bin;C:\Users\Quick\AppData\Roaming\nvm;C:\Program Files\nodejs

Yarn version: 
  1.19.2

Node version: 
  14.15.1

Platform: 
  win32 x64

Trace: 
  Error: connect EHOSTUNREACH 104.16.27.35:443
      at TCPConnectWrap.afterConnect [as oncomplete] (net.js:1146:16)

npm manifest: 
  {
    "name": "rs-rest-service-starter",
    "version": "1.0.0",
    "repository": {
      "type": "git",
      "url": ""
    },
    "type": "commonjs",
    "description": "REST service starter for RS School",
    "main": "src/server.js",
    "scripts": {
      "start": "nodemon src/server.js",
      "lint": "eslint --ext .js,.ts --fix src/",
      "test": "cross-env DEBUG=rs:* jest --testMatch \"<rootDir>/test/e2e/test/*.test.js\" --noStackTrace --runInBand",
      "test:auth": "cross-env DEBUG=rs:* TEST_MODE=auth jest --noStackTrace"
    },
    "keywords": [
      "rs",
      "school",
      "rest",
      "node",
      "express",
      "autotest",
      "starter"
    ],
    "license": "ISC",
    "engines": {
      "node": ">=14.0.0 <15"
    },
    "jest": {
      "testEnvironment": "node",
      "setupFilesAfterEnv": [
        "./test/setup.js"
      ]
    },
    "husky": {
      "hooks": {
        "pre-commit": "lint-staged"
      }
    },
    "lint-staged": {
      "src/**/*.js": [
        "npm run lint"
      ]
    },
    "dependencies": {
      "cross-env": "7.0.3",
      "dotenv": "9.0.0",
      "express": "4.17.1",
      "swagger-ui-express": "4.1.6",
      "uuid": "8.3.2",
      "yamljs": "0.3.0"
    },
    "devDependencies": {
      "chai": "4.3.4",
      "debug": "4.3.1",
      "dirty-chai": "2.0.1",
      "eslint": "7.2.0",
      "eslint-config-airbnb-base": "14.2.1",
      "eslint-config-prettier": "8.3.0",
      "eslint-plugin-import": "2.22.1",
      "eslint-plugin-node": "11.1.0",
      "eslint-plugin-prettier": "3.4.0",
      "husky": "4.3.8",
      "jest": "26.6.3",
      "jsdoc": "^3.6.7",
      "lint-staged": "10.5.4",
      "nodemon": "2.0.7",
      "prettier": "2.2.1",
      "supertest": "6.1.3"
    }
  }

yarn manifest: 
  No manifest

Lockfile: 
  No lockfile
